L 12/05/2009 - 11:46:38: SourceMod log file session started (file "L20091205.log") (Version "1.3.0-dev")
L 12/05/2009 - 11:46:38: -------- Mapchange to c1m1_hotel --------
L 12/05/2009 - 11:48:03: -------- Mapchange to c3m4_plantation --------
L 12/05/2009 - 11:53:35: [basecommands.smx] "(1)General1337<4><STEAM_1:1:8452576><>" kicked "Tank<16><BOT><>" (reason "")
L 12/05/2009 - 11:54:10: [playercommands.smx] "(1)General1337<4><STEAM_1:1:8452576><>" slayed "Rochelle<6><BOT><>"
L 12/05/2009 - 11:54:10: [playercommands.smx] "(1)General1337<4><STEAM_1:1:8452576><>" slayed "(1)General1337<4><STEAM_1:1:8452576><>"
L 12/05/2009 - 11:54:10: [playercommands.smx] "(1)General1337<4><STEAM_1:1:8452576><>" slayed "Charger<18><BOT><>"
L 12/05/2009 - 11:54:10: [playercommands.smx] "(1)General1337<4><STEAM_1:1:8452576><>" slayed "Trågêdÿ° [nlg]<9><STEAM_1:1:19073965><>"
L 12/05/2009 - 11:54:10: [playercommands.smx] "(1)General1337<4><STEAM_1:1:8452576><>" slayed "monkey<10><STEAM_1:0:19632398><>"
L 12/05/2009 - 11:54:10: [playercommands.smx] "(1)General1337<4><STEAM_1:1:8452576><>" slayed "Boomer<19><BOT><>"
L 12/05/2009 - 11:55:01: SourceMod log file session started (file "L20091205.log") (Version "1.3.0-dev")
L 12/05/2009 - 11:55:01: Log file closed.
L 12/05/2009 - 11:55:13: Log file closed.
L 12/05/2009 - 12:01:31: SourceMod log file session started (file "L20091205.log") (Version "1.3.0-dev")
L 12/05/2009 - 12:01:31: -------- Mapchange to c1m1_hotel --------
L 12/05/2009 - 12:04:06: -------- Mapchange to c3m1_plankcountry --------
L 12/05/2009 - 12:08:20: [basecommands.smx] "General1337<11><STEAM_1:1:8452576><>" console command (cmdline "leftfortdead_enable 1")
L 12/05/2009 - 12:08:48: [basecommands.smx] "General1337<11><STEAM_1:1:8452576><>" console command (cmdline "leftfortdead_enabled 1")
L 12/05/2009 - 12:09:14: SourceMod log file session started (file "L20091205.log") (Version "1.3.0-dev")
L 12/05/2009 - 12:09:14: Log file closed.
L 12/05/2009 - 12:10:31: SourceMod log file session started (file "L20091205.log") (Version "1.3.0-dev")
L 12/05/2009 - 12:10:31: -------- Mapchange to c1m1_hotel --------
L 12/05/2009 - 12:11:51: -------- Mapchange to c3m1_plankcountry --------
L 12/05/2009 - 12:30:15: [funcommands.smx] "General1337<13><STEAM_1:1:8452576><>" toggled noclip on "General1337<13><STEAM_1:1:8452576><>"
L 12/05/2009 - 12:32:16: [funcommands.smx] "General1337<13><STEAM_1:1:8452576><>" toggled noclip on ".=QUACK=.Whip_Lash<18><STEAM_1:0:28228352><>"
L 12/05/2009 - 12:33:13: [funcommands.smx] "General1337<13><STEAM_1:1:8452576><>" toggled noclip on ".=QUACK=.Whip_Lash<18><STEAM_1:0:28228352><>"
L 12/05/2009 - 12:33:25: [funcommands.smx] "General1337<13><STEAM_1:1:8452576><>" toggled noclip on "General1337<13><STEAM_1:1:8452576><>"
L 12/05/2009 - 12:33:27: [funcommands.smx] "General1337<13><STEAM_1:1:8452576><>" toggled noclip on "General1337<13><STEAM_1:1:8452576><>"
L 12/05/2009 - 12:33:28: [funcommands.smx] "General1337<13><STEAM_1:1:8452576><>" toggled noclip on "General1337<13><STEAM_1:1:8452576><>"
L 12/05/2009 - 12:33:32: [funcommands.smx] "General1337<13><STEAM_1:1:8452576><>" toggled noclip on "General1337<13><STEAM_1:1:8452576><>"
L 12/05/2009 - 12:33:35: [funcommands.smx] "General1337<13><STEAM_1:1:8452576><>" toggled noclip on "General1337<13><STEAM_1:1:8452576><>"
L 12/05/2009 - 12:38:09: [funcommands.smx] "General1337<13><STEAM_1:1:8452576><>" toggled noclip on "Dath<8><STEAM_1:1:16539812><>"
L 12/05/2009 - 12:38:18: [funcommands.smx] "General1337<13><STEAM_1:1:8452576><>" toggled noclip on "Dath<8><STEAM_1:1:16539812><>"
L 12/05/2009 - 12:39:27: [funcommands.smx] "General1337<13><STEAM_1:1:8452576><>" toggled noclip on "General1337<13><STEAM_1:1:8452576><>"
L 12/05/2009 - 12:39:35: [funcommands.smx] "General1337<13><STEAM_1:1:8452576><>" toggled noclip on "General1337<13><STEAM_1:1:8452576><>"
L 12/05/2009 - 12:54:07: SourceMod log file session started (file "L20091205.log") (Version "1.3.0-dev")
L 12/05/2009 - 12:54:07: -------- Mapchange to c1m1_hotel --------
L 12/05/2009 - 12:56:24: -------- Mapchange to c2m1_highway --------
L 12/05/2009 - 12:57:21: [funcommands.smx] "General1337<3><STEAM_1:1:8452576><>" toggled noclip on "General1337<3><STEAM_1:1:8452576><>"
L 12/05/2009 - 12:59:06: Log file closed.
L 12/05/2009 - 12:59:27: SourceMod log file session started (file "L20091205.log") (Version "1.3.0-dev")
L 12/05/2009 - 12:59:27: -------- Mapchange to c1m1_hotel --------
L 12/05/2009 - 12:59:31: SourceMod log file session started (file "L20091205.log") (Version "1.3.0-dev")
L 12/05/2009 - 12:59:31: Log file closed.
L 12/05/2009 - 13:02:01: SourceMod log file session started (file "L20091205.log") (Version "1.3.0-dev")
L 12/05/2009 - 13:02:01: Log file closed.
L 12/05/2009 - 13:02:04: Log file closed.
L 12/05/2009 - 13:04:37: SourceMod log file session started (file "L20091205.log") (Version "1.3.0-dev")
L 12/05/2009 - 13:04:37: -------- Mapchange to c1m1_hotel --------
L 12/05/2009 - 13:06:49: -------- Mapchange to c2m1_highway --------
L 12/05/2009 - 13:08:39: Log file closed.
L 12/05/2009 - 13:08:52: SourceMod log file session started (file "L20091205.log") (Version "1.3.0-dev")
L 12/05/2009 - 13:08:52: -------- Mapchange to c1m1_hotel --------
L 12/05/2009 - 13:09:20: -------- Mapchange to c2m1_highway --------
L 12/05/2009 - 13:10:28: Log file closed.
L 12/05/2009 - 13:10:40: SourceMod log file session started (file "L20091205.log") (Version "1.3.0-dev")
L 12/05/2009 - 13:10:40: -------- Mapchange to c1m1_hotel --------
L 12/05/2009 - 13:11:30: -------- Mapchange to c2m1_highway --------
L 12/05/2009 - 13:14:25: [funcommands.smx] "General1337<8><STEAM_1:1:8452576><>" toggled noclip on "General1337<8><STEAM_1:1:8452576><>"
L 12/05/2009 - 13:15:31: [funcommands.smx] "General1337<8><STEAM_1:1:8452576><>" toggled noclip on "General1337<8><STEAM_1:1:8452576><>"
L 12/05/2009 - 13:16:34: [funcommands.smx] "General1337<8><STEAM_1:1:8452576><>" toggled noclip on "General1337<8><STEAM_1:1:8452576><>"
L 12/05/2009 - 13:17:06: [funcommands.smx] "General1337<8><STEAM_1:1:8452576><>" toggled noclip on "General1337<8><STEAM_1:1:8452576><>"
L 12/05/2009 - 13:21:03: [funcommands.smx] "ShaRose<12><STEAM_1:1:14951151><>" toggled noclip on "ShaRose<12><STEAM_1:1:14951151><>"
L 12/05/2009 - 13:21:03: [funcommands.smx] "General1337<8><STEAM_1:1:8452576><>" toggled noclip on "General1337<8><STEAM_1:1:8452576><>"
L 12/05/2009 - 13:21:06: [funcommands.smx] "ShaRose<12><STEAM_1:1:14951151><>" toggled noclip on "ShaRose<12><STEAM_1:1:14951151><>"
L 12/05/2009 - 13:21:14: [funcommands.smx] "ShaRose<12><STEAM_1:1:14951151><>" toggled noclip on "ShaRose<12><STEAM_1:1:14951151><>"
L 12/05/2009 - 13:21:15: [funcommands.smx] "General1337<8><STEAM_1:1:8452576><>" toggled noclip on "General1337<8><STEAM_1:1:8452576><>"
L 12/05/2009 - 13:21:16: [funcommands.smx] "ShaRose<12><STEAM_1:1:14951151><>" toggled noclip on "ShaRose<12><STEAM_1:1:14951151><>"
L 12/05/2009 - 13:22:18: [funcommands.smx] "ShaRose<12><STEAM_1:1:14951151><>" toggled noclip on "ShaRose<12><STEAM_1:1:14951151><>"
L 12/05/2009 - 13:22:20: [funcommands.smx] "ShaRose<12><STEAM_1:1:14951151><>" toggled noclip on "ShaRose<12><STEAM_1:1:14951151><>"
L 12/05/2009 - 13:22:24: [funcommands.smx] "ShaRose<12><STEAM_1:1:14951151><>" toggled noclip on "ShaRose<12><STEAM_1:1:14951151><>"
L 12/05/2009 - 13:22:26: [funcommands.smx] "ShaRose<12><STEAM_1:1:14951151><>" toggled noclip on "ShaRose<12><STEAM_1:1:14951151><>"
L 12/05/2009 - 13:23:08: [funcommands.smx] "ShaRose<12><STEAM_1:1:14951151><>" toggled noclip on "ShaRose<12><STEAM_1:1:14951151><>"
L 12/05/2009 - 13:23:14: [funcommands.smx] "ShaRose<12><STEAM_1:1:14951151><>" toggled noclip on "ShaRose<12><STEAM_1:1:14951151><>"
L 12/05/2009 - 13:24:39: [funcommands.smx] "ShaRose<12><STEAM_1:1:14951151><>" toggled noclip on "ShaRose<12><STEAM_1:1:14951151><>"
L 12/05/2009 - 13:24:44: [funcommands.smx] "ShaRose<12><STEAM_1:1:14951151><>" toggled noclip on "ShaRose<12><STEAM_1:1:14951151><>"
L 12/05/2009 - 13:24:45: [funcommands.smx] "ShaRose<12><STEAM_1:1:14951151><>" toggled noclip on "ShaRose<12><STEAM_1:1:14951151><>"
L 12/05/2009 - 13:27:19: [funcommands.smx] "General1337<8><STEAM_1:1:8452576><>" toggled noclip on "General1337<8><STEAM_1:1:8452576><>"
L 12/05/2009 - 13:27:46: [funcommands.smx] "General1337<8><STEAM_1:1:8452576><>" toggled noclip on "General1337<8><STEAM_1:1:8452576><>"
L 12/05/2009 - 13:28:53: [funcommands.smx] "ShaRose<12><STEAM_1:1:14951151><>" toggled noclip on "ShaRose<12><STEAM_1:1:14951151><>"
L 12/05/2009 - 13:28:59: [funcommands.smx] "ShaRose<12><STEAM_1:1:14951151><>" toggled noclip on "ShaRose<12><STEAM_1:1:14951151><>"
L 12/05/2009 - 13:29:31: [funcommands.smx] "ShaRose<12><STEAM_1:1:14951151><>" toggled noclip on "ShaRose<12><STEAM_1:1:14951151><>"
L 12/05/2009 - 13:29:50: [funcommands.smx] "ShaRose<12><STEAM_1:1:14951151><>" toggled noclip on "ShaRose<12><STEAM_1:1:14951151><>"
L 12/05/2009 - 13:30:21: [funcommands.smx] "ShaRose<12><STEAM_1:1:14951151><>" toggled noclip on "ShaRose<12><STEAM_1:1:14951151><>"
L 12/05/2009 - 13:30:24: [funcommands.smx] "ShaRose<12><STEAM_1:1:14951151><>" toggled noclip on "ShaRose<12><STEAM_1:1:14951151><>"
L 12/05/2009 - 13:30:38: [funcommands.smx] "ShaRose<12><STEAM_1:1:14951151><>" toggled noclip on "ShaRose<12><STEAM_1:1:14951151><>"
L 12/05/2009 - 13:30:54: [funcommands.smx] "ShaRose<12><STEAM_1:1:14951151><>" toggled noclip on "ShaRose<12><STEAM_1:1:14951151><>"
L 12/05/2009 - 13:30:57: [funcommands.smx] "ShaRose<12><STEAM_1:1:14951151><>" toggled noclip on "ShaRose<12><STEAM_1:1:14951151><>"
L 12/05/2009 - 13:31:18: [funcommands.smx] "ShaRose<12><STEAM_1:1:14951151><>" toggled noclip on "ShaRose<12><STEAM_1:1:14951151><>"
L 12/05/2009 - 13:41:52: Log file closed.
L 12/05/2009 - 13:49:50: SourceMod log file session started (file "L20091205.log") (Version "1.3.0-dev")
L 12/05/2009 - 13:49:50: -------- Mapchange to c1m1_hotel --------
L 12/05/2009 - 13:51:21: -------- Mapchange to c5m5_bridge --------
L 12/05/2009 - 13:52:26: [basecommands.smx] "General1337<6><STEAM_1:1:8452576><>" console command (cmdline "leftfortdead_enabled 1")
L 12/05/2009 - 13:54:28: SourceMod log file session started (file "L20091205.log") (Version "1.3.0-dev")
L 12/05/2009 - 13:54:28: -------- Mapchange to c1m1_hotel --------
L 12/05/2009 - 13:55:01: -------- Mapchange to c5m5_bridge --------
L 12/05/2009 - 13:56:12: [funcommands.smx] "ShaRose<4><STEAM_1:1:14951151><>" toggled noclip on "ShaRose<4><STEAM_1:1:14951151><>"
L 12/05/2009 - 13:56:17: [funcommands.smx] "General1337<5><STEAM_1:1:8452576><>" toggled noclip on "General1337<5><STEAM_1:1:8452576><>"
L 12/05/2009 - 13:56:17: [funcommands.smx] "ShaRose<4><STEAM_1:1:14951151><>" toggled noclip on "ShaRose<4><STEAM_1:1:14951151><>"
L 12/05/2009 - 13:56:35: [funcommands.smx] "ShaRose<4><STEAM_1:1:14951151><>" toggled noclip on "ShaRose<4><STEAM_1:1:14951151><>"
L 12/05/2009 - 13:56:50: [funcommands.smx] "ShaRose<4><STEAM_1:1:14951151><>" toggled noclip on "ShaRose<4><STEAM_1:1:14951151><>"
L 12/05/2009 - 13:57:35: [funcommands.smx] "ShaRose<4><STEAM_1:1:14951151><>" toggled noclip on "ShaRose<4><STEAM_1:1:14951151><>"
L 12/05/2009 - 13:57:54: [funcommands.smx] "ShaRose<4><STEAM_1:1:14951151><>" toggled noclip on "ShaRose<4><STEAM_1:1:14951151><>"
L 12/05/2009 - 13:58:09: [funcommands.smx] "ShaRose<4><STEAM_1:1:14951151><>" toggled noclip on "ShaRose<4><STEAM_1:1:14951151><>"
L 12/05/2009 - 13:58:23: [funcommands.smx] "ShaRose<4><STEAM_1:1:14951151><>" toggled noclip on "ShaRose<4><STEAM_1:1:14951151><>"
L 12/05/2009 - 13:58:48: [funcommands.smx] "ShaRose<4><STEAM_1:1:14951151><>" toggled noclip on "ShaRose<4><STEAM_1:1:14951151><>"
L 12/05/2009 - 14:00:11: [funcommands.smx] "General1337<5><STEAM_1:1:8452576><>" toggled noclip on "JSharpe<9><STEAM_1:0:18955299><>"
L 12/05/2009 - 14:00:11: [funcommands.smx] "General1337<5><STEAM_1:1:8452576><>" toggled noclip on "JSharpe<9><STEAM_1:0:18955299><>"
L 12/05/2009 - 14:00:11: [funcommands.smx] "ShaRose<4><STEAM_1:1:14951151><>" toggled noclip on "JSharpe<9><STEAM_1:0:18955299><>"
L 12/05/2009 - 14:00:30: [funcommands.smx] "ShaRose<4><STEAM_1:1:14951151><>" toggled noclip on "ShaRose<4><STEAM_1:1:14951151><>"
L 12/05/2009 - 14:00:46: [funcommands.smx] "ShaRose<4><STEAM_1:1:14951151><>" toggled noclip on "ShaRose<4><STEAM_1:1:14951151><>"
L 12/05/2009 - 14:00:52: [funcommands.smx] "ShaRose<4><STEAM_1:1:14951151><>" toggled noclip on "ShaRose<4><STEAM_1:1:14951151><>"
L 12/05/2009 - 14:01:02: [funcommands.smx] "ShaRose<4><STEAM_1:1:14951151><>" toggled noclip on "ShaRose<4><STEAM_1:1:14951151><>"
L 12/05/2009 - 14:01:18: [basecommands.smx] "General1337<5><STEAM_1:1:8452576><>" refreshed the admin cache.
L 12/05/2009 - 14:01:36: [funcommands.smx] "ShaRose<4><STEAM_1:1:14951151><>" toggled noclip on "ShaRose<4><STEAM_1:1:14951151><>"
L 12/05/2009 - 14:01:59: [funcommands.smx] "ShaRose<4><STEAM_1:1:14951151><>" toggled noclip on "ShaRose<4><STEAM_1:1:14951151><>"
L 12/05/2009 - 14:02:11: [funcommands.smx] "ShaRose<4><STEAM_1:1:14951151><>" toggled noclip on "ShaRose<4><STEAM_1:1:14951151><>"
L 12/05/2009 - 14:02:40: [funcommands.smx] "ShaRose<4><STEAM_1:1:14951151><>" toggled noclip on "ShaRose<4><STEAM_1:1:14951151><>"
L 12/05/2009 - 14:02:47: [funcommands.smx] "General1337<5><STEAM_1:1:8452576><>" toggled noclip on "General1337<5><STEAM_1:1:8452576><>"
L 12/05/2009 - 14:02:56: [funcommands.smx] "General1337<5><STEAM_1:1:8452576><>" toggled noclip on "General1337<5><STEAM_1:1:8452576><>"
L 12/05/2009 - 14:03:05: [funcommands.smx] "ShaRose<4><STEAM_1:1:14951151><>" toggled noclip on "ShaRose<4><STEAM_1:1:14951151><>"
L 12/05/2009 - 14:04:19: [funcommands.smx] "ShaRose<4><STEAM_1:1:14951151><>" toggled noclip on "ShaRose<4><STEAM_1:1:14951151><>"
L 12/05/2009 - 14:04:23: [funcommands.smx] "ShaRose<4><STEAM_1:1:14951151><>" toggled noclip on "ShaRose<4><STEAM_1:1:14951151><>"
L 12/05/2009 - 14:04:40: [funcommands.smx] "ShaRose<4><STEAM_1:1:14951151><>" toggled noclip on "ShaRose<4><STEAM_1:1:14951151><>"
L 12/05/2009 - 14:04:43: [funcommands.smx] "ShaRose<4><STEAM_1:1:14951151><>" toggled noclip on "ShaRose<4><STEAM_1:1:14951151><>"
L 12/05/2009 - 14:05:13: [funcommands.smx] "ShaRose<4><STEAM_1:1:14951151><>" toggled noclip on "ShaRose<4><STEAM_1:1:14951151><>"
L 12/05/2009 - 14:05:16: [funcommands.smx] "ShaRose<4><STEAM_1:1:14951151><>" toggled noclip on "ShaRose<4><STEAM_1:1:14951151><>"
L 12/05/2009 - 14:05:17: [funcommands.smx] "ShaRose<4><STEAM_1:1:14951151><>" toggled noclip on "ShaRose<4><STEAM_1:1:14951151><>"
L 12/05/2009 - 14:05:24: [funcommands.smx] "ShaRose<4><STEAM_1:1:14951151><>" toggled noclip on "ShaRose<4><STEAM_1:1:14951151><>"
L 12/05/2009 - 14:06:11: [funcommands.smx] "ShaRose<4><STEAM_1:1:14951151><>" toggled noclip on "ShaRose<4><STEAM_1:1:14951151><>"
L 12/05/2009 - 14:07:10: [basecommands.smx] "General1337<5><STEAM_1:1:8452576><>" refreshed the admin cache.
L 12/05/2009 - 14:07:12: [funcommands.smx] "ShaRose<4><STEAM_1:1:14951151><>" toggled noclip on "ShaRose<4><STEAM_1:1:14951151><>"
L 12/05/2009 - 14:07:54: [funcommands.smx] "ShaRose<4><STEAM_1:1:14951151><>" toggled noclip on "ShaRose<4><STEAM_1:1:14951151><>"
L 12/05/2009 - 14:07:55: [funvotes.smx] "HTF<10><STEAM_1:0:6629038><>" initiated an alltalk vote.
L 12/05/2009 - 14:07:58: [funcommands.smx] "ShaRose<4><STEAM_1:1:14951151><>" toggled noclip on "ShaRose<4><STEAM_1:1:14951151><>"
L 12/05/2009 - 14:08:11: [funvotes.smx] Changing alltalk to 1 due to vote.
L 12/05/2009 - 14:09:15: [funcommands.smx] "JSharpe<9><STEAM_1:0:18955299><>" set blind on "JSharpe<9><STEAM_1:0:18955299><>", amount 255.
L 12/05/2009 - 14:09:37: [funcommands.smx] "ShaRose<4><STEAM_1:1:14951151><>" toggled noclip on "ShaRose<4><STEAM_1:1:14951151><>"
L 12/05/2009 - 14:09:42: [funcommands.smx] "ShaRose<4><STEAM_1:1:14951151><>" toggled noclip on "ShaRose<4><STEAM_1:1:14951151><>"
L 12/05/2009 - 14:09:59: [funcommands.smx] "JSharpe<9><STEAM_1:0:18955299><>" set blind on "JSharpe<9><STEAM_1:0:18955299><>", amount 0.
L 12/05/2009 - 14:10:20: [funcommands.smx] "ShaRose<4><STEAM_1:1:14951151><>" toggled noclip on "ShaRose<4><STEAM_1:1:14951151><>"
L 12/05/2009 - 14:10:26: [funcommands.smx] "ShaRose<4><STEAM_1:1:14951151><>" toggled noclip on "ShaRose<4><STEAM_1:1:14951151><>"
L 12/05/2009 - 14:10:45: [funcommands.smx] "ShaRose<4><STEAM_1:1:14951151><>" toggled noclip on "ShaRose<4><STEAM_1:1:14951151><>"
L 12/05/2009 - 14:10:52: [funcommands.smx] "ShaRose<4><STEAM_1:1:14951151><>" toggled noclip on "ShaRose<4><STEAM_1:1:14951151><>"
L 12/05/2009 - 14:11:47: [funcommands.smx] "General1337<5><STEAM_1:1:8452576><>" toggled noclip on "General1337<5><STEAM_1:1:8452576><>"
L 12/05/2009 - 14:11:50: [funcommands.smx] "General1337<5><STEAM_1:1:8452576><>" toggled noclip on "General1337<5><STEAM_1:1:8452576><>"
L 12/05/2009 - 14:11:51: [funcommands.smx] "General1337<5><STEAM_1:1:8452576><>" toggled noclip on "General1337<5><STEAM_1:1:8452576><>"
L 12/05/2009 - 14:11:53: [funcommands.smx] "General1337<5><STEAM_1:1:8452576><>" toggled noclip on "General1337<5><STEAM_1:1:8452576><>"
L 12/05/2009 - 14:11:57: [funcommands.smx] "General1337<5><STEAM_1:1:8452576><>" toggled noclip on "General1337<5><STEAM_1:1:8452576><>"
L 12/05/2009 - 14:12:18: [funcommands.smx] "JSharpe<9><STEAM_1:0:18955299><>" toggled noclip on "JSharpe<9><STEAM_1:0:18955299><>"
L 12/05/2009 - 14:12:23: [funcommands.smx] "JSharpe<9><STEAM_1:0:18955299><>" toggled noclip on "JSharpe<9><STEAM_1:0:18955299><>"
L 12/05/2009 - 14:12:42: [funcommands.smx] "HTF<15><STEAM_1:0:6629038><>" toggled noclip on "HTF<15><STEAM_1:0:6629038><>"
L 12/05/2009 - 14:12:45: [funcommands.smx] "General1337<5><STEAM_1:1:8452576><>" toggled noclip on "General1337<5><STEAM_1:1:8452576><>"
L 12/05/2009 - 14:12:47: [funcommands.smx] "General1337<5><STEAM_1:1:8452576><>" toggled noclip on "General1337<5><STEAM_1:1:8452576><>"
L 12/05/2009 - 14:12:55: [funcommands.smx] "ShaRose<4><STEAM_1:1:14951151><>" toggled noclip on "ShaRose<4><STEAM_1:1:14951151><>"
L 12/05/2009 - 14:13:01: [funcommands.smx] "ShaRose<4><STEAM_1:1:14951151><>" toggled noclip on "ShaRose<4><STEAM_1:1:14951151><>"
L 12/05/2009 - 14:13:03: [funcommands.smx] "ShaRose<4><STEAM_1:1:14951151><>" toggled noclip on "ShaRose<4><STEAM_1:1:14951151><>"
L 12/05/2009 - 14:13:08: [funcommands.smx] "JSharpe<9><STEAM_1:0:18955299><>" toggled noclip on "JSharpe<9><STEAM_1:0:18955299><>"
L 12/05/2009 - 14:13:17: [funcommands.smx] "JSharpe<9><STEAM_1:0:18955299><>" toggled noclip on "JSharpe<9><STEAM_1:0:18955299><>"
L 12/05/2009 - 14:13:18: [funcommands.smx] "ShaRose<4><STEAM_1:1:14951151><>" toggled noclip on "ShaRose<4><STEAM_1:1:14951151><>"
L 12/05/2009 - 14:13:21: [funcommands.smx] "JSharpe<9><STEAM_1:0:18955299><>" toggled noclip on "JSharpe<9><STEAM_1:0:18955299><>"
L 12/05/2009 - 14:13:26: [funcommands.smx] "HTF<15><STEAM_1:0:6629038><>" toggled noclip on "ShaRose<4><STEAM_1:1:14951151><>"
L 12/05/2009 - 14:13:30: [funcommands.smx] "HTF<15><STEAM_1:0:6629038><>" toggled noclip on "General1337<5><STEAM_1:1:8452576><>"
L 12/05/2009 - 14:13:33: [funcommands.smx] "ShaRose<4><STEAM_1:1:14951151><>" toggled noclip on "ShaRose<4><STEAM_1:1:14951151><>"
L 12/05/2009 - 14:13:35: [funcommands.smx] "General1337<5><STEAM_1:1:8452576><>" toggled noclip on "General1337<5><STEAM_1:1:8452576><>"
L 12/05/2009 - 14:13:36: [funcommands.smx] "JSharpe<9><STEAM_1:0:18955299><>" toggled noclip on "JSharpe<9><STEAM_1:0:18955299><>"
L 12/05/2009 - 14:13:39: [funcommands.smx] "HTF<15><STEAM_1:0:6629038><>" toggled noclip on "HTF<15><STEAM_1:0:6629038><>"
L 12/05/2009 - 14:13:58: [funcommands.smx] "JSharpe<9><STEAM_1:0:18955299><>" toggled noclip on "JSharpe<9><STEAM_1:0:18955299><>"
L 12/05/2009 - 14:14:04: [funcommands.smx] "JSharpe<9><STEAM_1:0:18955299><>" toggled noclip on "JSharpe<9><STEAM_1:0:18955299><>"
L 12/05/2009 - 14:14:07: [funcommands.smx] "ShaRose<4><STEAM_1:1:14951151><>" toggled noclip on "ShaRose<4><STEAM_1:1:14951151><>"
L 12/05/2009 - 14:14:10: [funcommands.smx] "ShaRose<4><STEAM_1:1:14951151><>" toggled noclip on "ShaRose<4><STEAM_1:1:14951151><>"
L 12/05/2009 - 14:14:14: [funcommands.smx] "ShaRose<4><STEAM_1:1:14951151><>" toggled noclip on "ShaRose<4><STEAM_1:1:14951151><>"
L 12/05/2009 - 14:14:51: [funcommands.smx] "JSharpe<9><STEAM_1:0:18955299><>" toggled noclip on "JSharpe<9><STEAM_1:0:18955299><>"
L 12/05/2009 - 14:14:51: [funcommands.smx] "ShaRose<4><STEAM_1:1:14951151><>" toggled noclip on "ShaRose<4><STEAM_1:1:14951151><>"
L 12/05/2009 - 14:15:02: [funcommands.smx] "JSharpe<9><STEAM_1:0:18955299><>" toggled noclip on "HTF<15><STEAM_1:0:6629038><>"
L 12/05/2009 - 14:15:09: [funcommands.smx] "JSharpe<9><STEAM_1:0:18955299><>" toggled noclip on "HTF<15><STEAM_1:0:6629038><>"
L 12/05/2009 - 14:15:12: [funcommands.smx] "JSharpe<9><STEAM_1:0:18955299><>" toggled noclip on "JSharpe<9><STEAM_1:0:18955299><>"
L 12/05/2009 - 14:15:19: [funcommands.smx] "JSharpe<9><STEAM_1:0:18955299><>" toggled noclip on "JSharpe<9><STEAM_1:0:18955299><>"
L 12/05/2009 - 14:15:23: [funcommands.smx] "ShaRose<4><STEAM_1:1:14951151><>" toggled noclip on "ShaRose<4><STEAM_1:1:14951151><>"
L 12/05/2009 - 14:15:25: [funcommands.smx] "ShaRose<4><STEAM_1:1:14951151><>" toggled noclip on "ShaRose<4><STEAM_1:1:14951151><>"
L 12/05/2009 - 14:15:26: [funcommands.smx] "ShaRose<4><STEAM_1:1:14951151><>" toggled noclip on "ShaRose<4><STEAM_1:1:14951151><>"
L 12/05/2009 - 14:15:41: [funcommands.smx] "ShaRose<4><STEAM_1:1:14951151><>" toggled noclip on "ShaRose<4><STEAM_1:1:14951151><>"
L 12/05/2009 - 14:15:51: [funcommands.smx] "JSharpe<9><STEAM_1:0:18955299><>" toggled noclip on "JSharpe<9><STEAM_1:0:18955299><>"
L 12/05/2009 - 14:16:03: [basecommands.smx] "ShaRose<4><STEAM_1:1:14951151><>" changed cvar (cvar "sv_infinite_ammo") (value "1")
L 12/05/2009 - 14:16:05: [funcommands.smx] "ShaRose<4><STEAM_1:1:14951151><>" toggled noclip on "ShaRose<4><STEAM_1:1:14951151><>"
L 12/05/2009 - 14:16:09: [funcommands.smx] "JSharpe<9><STEAM_1:0:18955299><>" toggled noclip on "JSharpe<9><STEAM_1:0:18955299><>"
L 12/05/2009 - 14:16:16: [funcommands.smx] "JSharpe<9><STEAM_1:0:18955299><>" toggled noclip on "Jockey<40><BOT><>"
L 12/05/2009 - 14:16:43: [funcommands.smx] "ShaRose<4><STEAM_1:1:14951151><>" toggled noclip on "ShaRose<4><STEAM_1:1:14951151><>"
L 12/05/2009 - 14:16:59: [funcommands.smx] "HTF<15><STEAM_1:0:6629038><>" toggled noclip on "HTF<15><STEAM_1:0:6629038><>"
L 12/05/2009 - 14:17:27: [funcommands.smx] "ShaRose<4><STEAM_1:1:14951151><>" toggled noclip on "ShaRose<4><STEAM_1:1:14951151><>"
L 12/05/2009 - 14:17:39: [funcommands.smx] "HTF<15><STEAM_1:0:6629038><>" toggled noclip on "Boomer<28><BOT><>"
L 12/05/2009 - 14:17:41: [funcommands.smx] "HTF<15><STEAM_1:0:6629038><>" toggled noclip on "Tank<56><BOT><>"
L 12/05/2009 - 14:18:24: SourceMod log file session started (file "L20091205.log") (Version "1.3.0-dev")
L 12/05/2009 - 14:18:24: Log file closed.
L 12/05/2009 - 14:25:15: SourceMod log file session started (file "L20091205.log") (Version "1.3.0-dev")
L 12/05/2009 - 14:25:15: -------- Mapchange to c1m4_atrium --------
L 12/05/2009 - 14:26:18: [basecommands.smx] "General1337<2><STEAM_1:1:8452576><>" console command (cmdline "left4fort_enabled 1")
L 12/05/2009 - 14:30:32: [funcommands.smx] "General1337<2><STEAM_1:1:8452576><>" toggled noclip on "General1337<2><STEAM_1:1:8452576><>"
L 12/05/2009 - 14:42:05: SourceMod log file session started (file "L20091205.log") (Version "1.3.0-dev")
L 12/05/2009 - 14:42:05: -------- Mapchange to c1m4_atrium --------
L 12/05/2009 - 14:43:41: SourceMod log file session started (file "L20091205.log") (Version "1.3.0-dev")
L 12/05/2009 - 14:43:41: -------- Mapchange to c1m4_atrium --------
L 12/05/2009 - 14:48:48: [funcommands.smx] "General1337<2><STEAM_1:1:8452576><>" toggled noclip on "General1337<2><STEAM_1:1:8452576><>"
L 12/05/2009 - 14:50:07: Log file closed.
L 12/05/2009 - 15:03:52: SourceMod log file session started (file "L20091205.log") (Version "1.3.0-dev")
L 12/05/2009 - 15:03:52: -------- Mapchange to c1m4_atrium --------
L 12/05/2009 - 15:07:51: SourceMod log file session started (file "L20091205.log") (Version "1.3.0-dev")
L 12/05/2009 - 15:07:51: -------- Mapchange to c1m4_atrium --------
L 12/05/2009 - 15:17:34: Log file closed.
L 12/05/2009 - 15:18:02: SourceMod log file session started (file "L20091205.log") (Version "1.3.0-dev")
L 12/05/2009 - 15:18:02: -------- Mapchange to c1m4_atrium --------
L 12/05/2009 - 15:19:47: Log file closed.
L 12/05/2009 - 15:27:18: SourceMod log file session started (file "L20091205.log") (Version "1.3.0-dev")
L 12/05/2009 - 15:27:18: -------- Mapchange to c1m4_atrium --------
L 12/05/2009 - 15:28:37: Log file closed.
L 12/05/2009 - 15:38:43: SourceMod log file session started (file "L20091205.log") (Version "1.3.0-dev")
L 12/05/2009 - 15:38:43: -------- Mapchange to c1m4_atrium --------
L 12/05/2009 - 15:46:55: [funcommands.smx] "ShaRose<6><STEAM_1:1:14951151><>" toggled noclip on "ShaRose<6><STEAM_1:1:14951151><>"
L 12/05/2009 - 15:47:07: [funcommands.smx] "ShaRose<6><STEAM_1:1:14951151><>" toggled noclip on "ShaRose<6><STEAM_1:1:14951151><>"
L 12/05/2009 - 15:55:40: [basecommands.smx] "ShaRose<6><STEAM_1:1:14951151><>" changed cvar (cvar "z_minigun_overheat_time") (value "999")
L 12/05/2009 - 15:56:37: [basecommands.smx] "ShaRose<6><STEAM_1:1:14951151><>" changed cvar (cvar "z_minigun_cooldown_time") (value "0.001")
L 12/05/2009 - 15:57:08: [basecommands.smx] "ShaRose<6><STEAM_1:1:14951151><>" changed cvar (cvar "z_minigun_rate_of_fire") (value "3000")
L 12/05/2009 - 15:59:43: [funcommands.smx] "ShaRose<6><STEAM_1:1:14951151><>" toggled noclip on "ShaRose<6><STEAM_1:1:14951151><>"
L 12/05/2009 - 15:59:51: [funcommands.smx] "ShaRose<6><STEAM_1:1:14951151><>" toggled noclip on "ShaRose<6><STEAM_1:1:14951151><>"
L 12/05/2009 - 15:59:53: [funcommands.smx] "ShaRose<6><STEAM_1:1:14951151><>" toggled noclip on "ShaRose<6><STEAM_1:1:14951151><>"
L 12/05/2009 - 16:00:03: [funcommands.smx] "ShaRose<6><STEAM_1:1:14951151><>" toggled noclip on "ShaRose<6><STEAM_1:1:14951151><>"
L 12/05/2009 - 16:02:09: Log file closed.
L 12/05/2009 - 16:03:00: SourceMod log file session started (file "L20091205.log") (Version "1.3.0-dev")
L 12/05/2009 - 16:03:00: -------- Mapchange to c1m1_hotel --------
L 12/05/2009 - 16:04:02: -------- Mapchange to c5m2_park --------
L 12/05/2009 - 16:05:22: [funcommands.smx] "(1)General1337<4><STEAM_1:1:8452576><>" toggled noclip on "(1)General1337<4><STEAM_1:1:8452576><>"
L 12/05/2009 - 16:07:24: [funcommands.smx] "JSharpe<7><STEAM_1:0:18955299><>" toggled noclip on "JSharpe<7><STEAM_1:0:18955299><>"
L 12/05/2009 - 16:08:22: [basecommands.smx] "General1337<16><STEAM_1:1:8452576><>" console command (cmdline "leftfortdead_enabled 1")
L 12/05/2009 - 16:08:24: [funcommands.smx] "ShaRose<14><STEAM_1:1:14951151><>" toggled noclip on "ShaRose<14><STEAM_1:1:14951151><>"
L 12/05/2009 - 16:08:27: [funcommands.smx] "General1337<16><STEAM_1:1:8452576><>" toggled noclip on "General1337<16><STEAM_1:1:8452576><>"
L 12/05/2009 - 16:08:28: [funcommands.smx] "JSharpe<7><STEAM_1:0:18955299><>" toggled noclip on "JSharpe<7><STEAM_1:0:18955299><>"
L 12/05/2009 - 16:08:37: [funcommands.smx] "ShaRose<14><STEAM_1:1:14951151><>" toggled noclip on "ShaRose<14><STEAM_1:1:14951151><>"
L 12/05/2009 - 16:08:47: [funcommands.smx] "ShaRose<14><STEAM_1:1:14951151><>" toggled noclip on "ShaRose<14><STEAM_1:1:14951151><>"
L 12/05/2009 - 16:08:59: [funcommands.smx] "JSharpe<7><STEAM_1:0:18955299><>" toggled noclip on "l3lackStalker<13><STEAM_1:0:18987611><>"
L 12/05/2009 - 16:09:00: [funcommands.smx] "JSharpe<7><STEAM_1:0:18955299><>" toggled noclip on "l3lackStalker<13><STEAM_1:0:18987611><>"
L 12/05/2009 - 16:09:02: [funcommands.smx] "JSharpe<7><STEAM_1:0:18955299><>" toggled noclip on "JSharpe<7><STEAM_1:0:18955299><>"
L 12/05/2009 - 16:09:11: [funcommands.smx] "JSharpe<7><STEAM_1:0:18955299><>" toggled noclip on "JSharpe<7><STEAM_1:0:18955299><>"
L 12/05/2009 - 16:09:13: [funcommands.smx] "ShaRose<14><STEAM_1:1:14951151><>" toggled noclip on "ShaRose<14><STEAM_1:1:14951151><>"
L 12/05/2009 - 16:09:15: [funcommands.smx] "ShaRose<14><STEAM_1:1:14951151><>" toggled noclip on "ShaRose<14><STEAM_1:1:14951151><>"
L 12/05/2009 - 16:09:36: [funcommands.smx] "ShaRose<14><STEAM_1:1:14951151><>" toggled noclip on "ShaRose<14><STEAM_1:1:14951151><>"
L 12/05/2009 - 16:09:45: [funcommands.smx] "ShaRose<14><STEAM_1:1:14951151><>" toggled noclip on "ShaRose<14><STEAM_1:1:14951151><>"
L 12/05/2009 - 16:09:46: [funcommands.smx] "ShaRose<14><STEAM_1:1:14951151><>" toggled noclip on "ShaRose<14><STEAM_1:1:14951151><>"
L 12/05/2009 - 16:09:57: [funcommands.smx] "JSharpe<7><STEAM_1:0:18955299><>" toggled noclip on "JSharpe<7><STEAM_1:0:18955299><>"
L 12/05/2009 - 16:09:58: [funcommands.smx] "JSharpe<7><STEAM_1:0:18955299><>" toggled noclip on "JSharpe<7><STEAM_1:0:18955299><>"
L 12/05/2009 - 16:10:10: [funcommands.smx] "JSharpe<7><STEAM_1:0:18955299><>" toggled noclip on "JSharpe<7><STEAM_1:0:18955299><>"
L 12/05/2009 - 16:10:29: [funcommands.smx] "JSharpe<7><STEAM_1:0:18955299><>" toggled noclip on "JSharpe<7><STEAM_1:0:18955299><>"
L 12/05/2009 - 16:10:35: [funcommands.smx] "ShaRose<14><STEAM_1:1:14951151><>" toggled noclip on "ShaRose<14><STEAM_1:1:14951151><>"
L 12/05/2009 - 16:10:39: [funcommands.smx] "ShaRose<14><STEAM_1:1:14951151><>" toggled noclip on "ShaRose<14><STEAM_1:1:14951151><>"
L 12/05/2009 - 16:11:27: [funcommands.smx] "JSharpe<7><STEAM_1:0:18955299><>" toggled noclip on "General1337<16><STEAM_1:1:8452576><>"
L 12/05/2009 - 16:11:29: [funcommands.smx] "JSharpe<7><STEAM_1:0:18955299><>" toggled noclip on "General1337<16><STEAM_1:1:8452576><>"
L 12/05/2009 - 16:12:42: [funcommands.smx] "ShaRose<14><STEAM_1:1:14951151><>" toggled noclip on "ShaRose<14><STEAM_1:1:14951151><>"
L 12/05/2009 - 16:12:54: [funcommands.smx] "ShaRose<14><STEAM_1:1:14951151><>" toggled noclip on "ShaRose<14><STEAM_1:1:14951151><>"
L 12/05/2009 - 16:13:25: [funcommands.smx] "General1337<16><STEAM_1:1:8452576><>" toggled noclip on "General1337<16><STEAM_1:1:8452576><>"
L 12/05/2009 - 16:13:37: [funcommands.smx] "JSharpe<7><STEAM_1:0:18955299><>" toggled noclip on "JSharpe<7><STEAM_1:0:18955299><>"
L 12/05/2009 - 16:13:40: [funcommands.smx] "JSharpe<7><STEAM_1:0:18955299><>" toggled noclip on "Tank<20><BOT><>"
L 12/05/2009 - 16:13:41: [funcommands.smx] "ShaRose<14><STEAM_1:1:14951151><>" toggled noclip on "ShaRose<14><STEAM_1:1:14951151><>"
L 12/05/2009 - 16:13:47: [funcommands.smx] "ShaRose<14><STEAM_1:1:14951151><>" toggled noclip on "ShaRose<14><STEAM_1:1:14951151><>"
L 12/05/2009 - 16:13:48: [funcommands.smx] "JSharpe<7><STEAM_1:0:18955299><>" toggled noclip on "JSharpe<7><STEAM_1:0:18955299><>"
L 12/05/2009 - 16:15:31: [funcommands.smx] "ShaRose<14><STEAM_1:1:14951151><>" toggled noclip on "ShaRose<14><STEAM_1:1:14951151><>"
L 12/05/2009 - 16:16:14: [funcommands.smx] "ShaRose<14><STEAM_1:1:14951151><>" toggled noclip on "ShaRose<14><STEAM_1:1:14951151><>"
L 12/05/2009 - 16:17:05: [funcommands.smx] "ShaRose<14><STEAM_1:1:14951151><>" toggled noclip on "ShaRose<14><STEAM_1:1:14951151><>"
L 12/05/2009 - 16:17:05: [funcommands.smx] "JSharpe<7><STEAM_1:0:18955299><>" toggled noclip on "JSharpe<7><STEAM_1:0:18955299><>"
L 12/05/2009 - 16:17:13: [funcommands.smx] "ShaRose<14><STEAM_1:1:14951151><>" toggled noclip on "ShaRose<14><STEAM_1:1:14951151><>"
L 12/05/2009 - 16:17:14: [funcommands.smx] "JSharpe<7><STEAM_1:0:18955299><>" toggled noclip on "JSharpe<7><STEAM_1:0:18955299><>"
L 12/05/2009 - 16:17:55: [funcommands.smx] "ShaRose<14><STEAM_1:1:14951151><>" toggled noclip on "ShaRose<14><STEAM_1:1:14951151><>"
L 12/05/2009 - 16:18:14: [funcommands.smx] "ShaRose<14><STEAM_1:1:14951151><>" toggled noclip on "ShaRose<14><STEAM_1:1:14951151><>"
L 12/05/2009 - 16:18:25: [funcommands.smx] "ShaRose<14><STEAM_1:1:14951151><>" toggled noclip on "ShaRose<14><STEAM_1:1:14951151><>"
L 12/05/2009 - 16:18:30: [funcommands.smx] "JSharpe<7><STEAM_1:0:18955299><>" toggled noclip on "Jockey<41><BOT><>"
L 12/05/2009 - 16:18:31: [funcommands.smx] "JSharpe<7><STEAM_1:0:18955299><>" toggled noclip on "JSharpe<7><STEAM_1:0:18955299><>"
L 12/05/2009 - 16:18:43: [funcommands.smx] "ShaRose<14><STEAM_1:1:14951151><>" toggled noclip on "ShaRose<14><STEAM_1:1:14951151><>"
L 12/05/2009 - 16:18:44: [funcommands.smx] "ShaRose<14><STEAM_1:1:14951151><>" toggled noclip on "ShaRose<14><STEAM_1:1:14951151><>"
L 12/05/2009 - 16:18:47: [funcommands.smx] "JSharpe<7><STEAM_1:0:18955299><>" toggled noclip on "JSharpe<7><STEAM_1:0:18955299><>"
L 12/05/2009 - 16:19:24: [funcommands.smx] "ShaRose<14><STEAM_1:1:14951151><>" toggled noclip on "ShaRose<14><STEAM_1:1:14951151><>"
L 12/05/2009 - 16:19:26: [funcommands.smx] "ShaRose<14><STEAM_1:1:14951151><>" toggled noclip on "ShaRose<14><STEAM_1:1:14951151><>"
L 12/05/2009 - 16:20:00: [funcommands.smx] "JSharpe<7><STEAM_1:0:18955299><>" toggled noclip on "JSharpe<7><STEAM_1:0:18955299><>"
L 12/05/2009 - 16:20:13: [funcommands.smx] "JSharpe<7><STEAM_1:0:18955299><>" toggled noclip on "Jockey<41><BOT><>"
L 12/05/2009 - 16:20:14: [funcommands.smx] "JSharpe<7><STEAM_1:0:18955299><>" toggled noclip on "JSharpe<7><STEAM_1:0:18955299><>"
L 12/05/2009 - 16:20:16: [funcommands.smx] "ShaRose<14><STEAM_1:1:14951151><>" toggled noclip on "ShaRose<14><STEAM_1:1:14951151><>"
L 12/05/2009 - 16:20:17: [funcommands.smx] "JSharpe<7><STEAM_1:0:18955299><>" toggled noclip on "Jockey<41><BOT><>"
L 12/05/2009 - 16:20:17: [funcommands.smx] "JSharpe<7><STEAM_1:0:18955299><>" toggled noclip on "JSharpe<7><STEAM_1:0:18955299><>"
L 12/05/2009 - 16:20:25: [funcommands.smx] "ShaRose<14><STEAM_1:1:14951151><>" toggled noclip on "ShaRose<14><STEAM_1:1:14951151><>"
L 12/05/2009 - 16:20:26: [funcommands.smx] "General1337<16><STEAM_1:1:8452576><>" toggled noclip on "General1337<16><STEAM_1:1:8452576><>"
L 12/05/2009 - 16:20:27: [funcommands.smx] "JSharpe<7><STEAM_1:0:18955299><>" toggled noclip on "JSharpe<7><STEAM_1:0:18955299><>"
L 12/05/2009 - 16:20:28: [funcommands.smx] "ShaRose<14><STEAM_1:1:14951151><>" toggled noclip on "ShaRose<14><STEAM_1:1:14951151><>"
L 12/05/2009 - 16:20:38: [funcommands.smx] "ShaRose<14><STEAM_1:1:14951151><>" toggled noclip on "ShaRose<14><STEAM_1:1:14951151><>"
L 12/05/2009 - 16:20:50: [funcommands.smx] "ShaRose<14><STEAM_1:1:14951151><>" toggled noclip on "ShaRose<14><STEAM_1:1:14951151><>"
L 12/05/2009 - 16:20:52: [funcommands.smx] "ShaRose<14><STEAM_1:1:14951151><>" toggled noclip on "ShaRose<14><STEAM_1:1:14951151><>"
L 12/05/2009 - 16:20:54: [funcommands.smx] "ShaRose<14><STEAM_1:1:14951151><>" toggled noclip on "ShaRose<14><STEAM_1:1:14951151><>"
L 12/05/2009 - 16:20:57: [funcommands.smx] "ShaRose<14><STEAM_1:1:14951151><>" toggled noclip on "ShaRose<14><STEAM_1:1:14951151><>"
L 12/05/2009 - 16:21:04: [funcommands.smx] "ShaRose<14><STEAM_1:1:14951151><>" toggled noclip on "ShaRose<14><STEAM_1:1:14951151><>"
L 12/05/2009 - 16:21:12: [funcommands.smx] "General1337<16><STEAM_1:1:8452576><>" toggled noclip on "General1337<16><STEAM_1:1:8452576><>"
L 12/05/2009 - 16:21:44: [funcommands.smx] "ShaRose<14><STEAM_1:1:14951151><>" toggled noclip on "ShaRose<14><STEAM_1:1:14951151><>"
L 12/05/2009 - 16:21:54: [funcommands.smx] "ShaRose<14><STEAM_1:1:14951151><>" toggled noclip on "ShaRose<14><STEAM_1:1:14951151><>"
L 12/05/2009 - 16:22:36: -------- Mapchange to c1m4_atrium --------
L 12/05/2009 - 16:23:11: [funcommands.smx] "ShaRose<14><STEAM_1:1:14951151><>" toggled noclip on "ShaRose<14><STEAM_1:1:14951151><>"
L 12/05/2009 - 16:23:21: [funcommands.smx] "ShaRose<14><STEAM_1:1:14951151><>" toggled noclip on "ShaRose<14><STEAM_1:1:14951151><>"
L 12/05/2009 - 16:23:21: [funcommands.smx] "General1337<16><STEAM_1:1:8452576><>" toggled noclip on "General1337<16><STEAM_1:1:8452576><>"
L 12/05/2009 - 16:23:59: [funcommands.smx] "ShaRose<14><STEAM_1:1:14951151><>" toggled noclip on "ShaRose<14><STEAM_1:1:14951151><>"
L 12/05/2009 - 16:24:07: [funcommands.smx] "JSharpe<7><STEAM_1:0:18955299><>" toggled noclip on "JSharpe<7><STEAM_1:0:18955299><>"
L 12/05/2009 - 16:24:15: [funcommands.smx] "ShaRose<14><STEAM_1:1:14951151><>" toggled noclip on "ShaRose<14><STEAM_1:1:14951151><>"
L 12/05/2009 - 16:24:39: [funcommands.smx] "JSharpe<7><STEAM_1:0:18955299><>" toggled noclip on "JSharpe<7><STEAM_1:0:18955299><>"
L 12/05/2009 - 16:24:53: [basecommands.smx] "General1337<16><STEAM_1:1:8452576><>" kicked "Ellis<56><BOT><>" (reason "")
L 12/05/2009 - 16:25:19: [funcommands.smx] "ShaRose<14><STEAM_1:1:14951151><>" toggled noclip on "ShaRose<14><STEAM_1:1:14951151><>"
L 12/05/2009 - 16:25:21: [funcommands.smx] "ShaRose<14><STEAM_1:1:14951151><>" toggled noclip on "ShaRose<14><STEAM_1:1:14951151><>"
L 12/05/2009 - 16:25:24: [funcommands.smx] "ShaRose<14><STEAM_1:1:14951151><>" toggled noclip on "ShaRose<14><STEAM_1:1:14951151><>"
L 12/05/2009 - 16:25:25: [funcommands.smx] "ShaRose<14><STEAM_1:1:14951151><>" toggled noclip on "ShaRose<14><STEAM_1:1:14951151><>"
L 12/05/2009 - 16:25:25: [funcommands.smx] "ShaRose<14><STEAM_1:1:14951151><>" toggled noclip on "ShaRose<14><STEAM_1:1:14951151><>"
L 12/05/2009 - 16:25:35: [funcommands.smx] "ShaRose<14><STEAM_1:1:14951151><>" toggled noclip on "ShaRose<14><STEAM_1:1:14951151><>"
L 12/05/2009 - 16:26:42: [funcommands.smx] "ShaRose<14><STEAM_1:1:14951151><>" toggled noclip on "ShaRose<14><STEAM_1:1:14951151><>"
L 12/05/2009 - 16:26:56: [funcommands.smx] "JSharpe<7><STEAM_1:0:18955299><>" toggled noclip on "JSharpe<7><STEAM_1:0:18955299><>"
L 12/05/2009 - 16:26:58: [funcommands.smx] "JSharpe<7><STEAM_1:0:18955299><>" toggled noclip on "ShaRose<14><STEAM_1:1:14951151><>"
L 12/05/2009 - 16:27:00: [funcommands.smx] "ShaRose<14><STEAM_1:1:14951151><>" toggled noclip on "ShaRose<14><STEAM_1:1:14951151><>"
L 12/05/2009 - 16:27:03: [funcommands.smx] "JSharpe<7><STEAM_1:0:18955299><>" toggled noclip on "JSharpe<7><STEAM_1:0:18955299><>"
L 12/05/2009 - 16:27:10: [funcommands.smx] "ShaRose<14><STEAM_1:1:14951151><>" toggled noclip on "ShaRose<14><STEAM_1:1:14951151><>"
L 12/05/2009 - 16:27:25: [funcommands.smx] "JSharpe<7><STEAM_1:0:18955299><>" toggled noclip on "JSharpe<7><STEAM_1:0:18955299><>"
L 12/05/2009 - 16:27:35: [funcommands.smx] "JSharpe<7><STEAM_1:0:18955299><>" toggled noclip on "JSharpe<7><STEAM_1:0:18955299><>"
L 12/05/2009 - 16:27:43: [funcommands.smx] "ShaRose<14><STEAM_1:1:14951151><>" toggled noclip on "ShaRose<14><STEAM_1:1:14951151><>"
L 12/05/2009 - 16:27:49: [funcommands.smx] "ShaRose<14><STEAM_1:1:14951151><>" toggled noclip on "ShaRose<14><STEAM_1:1:14951151><>"
L 12/05/2009 - 16:28:22: [funcommands.smx] "JSharpe<7><STEAM_1:0:18955299><>" toggled noclip on "JSharpe<7><STEAM_1:0:18955299><>"
L 12/05/2009 - 16:28:30: [funcommands.smx] "JSharpe<7><STEAM_1:0:18955299><>" toggled noclip on "JSharpe<7><STEAM_1:0:18955299><>"
L 12/05/2009 - 16:29:04: [funcommands.smx] "ShaRose<14><STEAM_1:1:14951151><>" toggled noclip on "ShaRose<14><STEAM_1:1:14951151><>"
L 12/05/2009 - 16:29:17: [funcommands.smx] "ShaRose<14><STEAM_1:1:14951151><>" toggled noclip on "ShaRose<14><STEAM_1:1:14951151><>"
L 12/05/2009 - 16:29:55: [funcommands.smx] "ShaRose<14><STEAM_1:1:14951151><>" toggled noclip on "ShaRose<14><STEAM_1:1:14951151><>"
L 12/05/2009 - 16:30:01: [funcommands.smx] "ShaRose<14><STEAM_1:1:14951151><>" toggled noclip on "ShaRose<14><STEAM_1:1:14951151><>"
L 12/05/2009 - 16:30:07: [funcommands.smx] "ShaRose<14><STEAM_1:1:14951151><>" toggled noclip on "ShaRose<14><STEAM_1:1:14951151><>"
L 12/05/2009 - 16:30:27: [funcommands.smx] "ShaRose<14><STEAM_1:1:14951151><>" toggled noclip on "ShaRose<14><STEAM_1:1:14951151><>"
L 12/05/2009 - 16:32:44: [funcommands.smx] "JSharpe<7><STEAM_1:0:18955299><>" toggled noclip on "JSharpe<7><STEAM_1:0:18955299><>"
L 12/05/2009 - 16:32:47: [funcommands.smx] "JSharpe<7><STEAM_1:0:18955299><>" toggled noclip on "JSharpe<7><STEAM_1:0:18955299><>"
L 12/05/2009 - 16:34:12: [funcommands.smx] "ShaRose<14><STEAM_1:1:14951151><>" toggled noclip on "ShaRose<14><STEAM_1:1:14951151><>"
L 12/05/2009 - 16:34:17: [funcommands.smx] "ShaRose<14><STEAM_1:1:14951151><>" toggled noclip on "ShaRose<14><STEAM_1:1:14951151><>"
L 12/05/2009 - 16:34:43: [funcommands.smx] "ShaRose<14><STEAM_1:1:14951151><>" toggled noclip on "ShaRose<14><STEAM_1:1:14951151><>"
L 12/05/2009 - 16:35:28: [funcommands.smx] "JSharpe<7><STEAM_1:0:18955299><>" toggled noclip on "JSharpe<7><STEAM_1:0:18955299><>"
L 12/05/2009 - 16:35:55: [funcommands.smx] "ShaRose<14><STEAM_1:1:14951151><>" toggled noclip on "ShaRose<14><STEAM_1:1:14951151><>"
L 12/05/2009 - 16:36:36: [funcommands.smx] "General1337<16><STEAM_1:1:8452576><>" toggled noclip on "General1337<16><STEAM_1:1:8452576><>"
L 12/05/2009 - 16:37:02: [funcommands.smx] "JSharpe<7><STEAM_1:0:18955299><>" toggled noclip on "JSharpe<7><STEAM_1:0:18955299><>"
L 12/05/2009 - 16:37:26: [funcommands.smx] "JSharpe<7><STEAM_1:0:18955299><>" toggled noclip on "JSharpe<7><STEAM_1:0:18955299><>"
L 12/05/2009 - 16:38:16: [funcommands.smx] "General1337<16><STEAM_1:1:8452576><>" toggled noclip on "General1337<16><STEAM_1:1:8452576><>"
L 12/05/2009 - 16:38:27: [funcommands.smx] "JSharpe<7><STEAM_1:0:18955299><>" toggled noclip on "JSharpe<7><STEAM_1:0:18955299><>"
L 12/05/2009 - 16:38:42: [funcommands.smx] "General1337<16><STEAM_1:1:8452576><>" toggled noclip on "General1337<16><STEAM_1:1:8452576><>"
L 12/05/2009 - 16:40:00: [funcommands.smx] "ShaRose<14><STEAM_1:1:14951151><>" toggled noclip on "ShaRose<14><STEAM_1:1:14951151><>"
L 12/05/2009 - 16:40:01: [funcommands.smx] "ShaRose<14><STEAM_1:1:14951151><>" toggled noclip on "ShaRose<14><STEAM_1:1:14951151><>"
L 12/05/2009 - 16:41:10: [funcommands.smx] "ShaRose<14><STEAM_1:1:14951151><>" toggled noclip on "ShaRose<14><STEAM_1:1:14951151><>"
L 12/05/2009 - 16:41:22: [funcommands.smx] "ShaRose<14><STEAM_1:1:14951151><>" toggled noclip on "ShaRose<14><STEAM_1:1:14951151><>"
L 12/05/2009 - 16:41:31: [funcommands.smx] "ShaRose<14><STEAM_1:1:14951151><>" toggled noclip on "ShaRose<14><STEAM_1:1:14951151><>"
L 12/05/2009 - 16:41:31: [basecommands.smx] "General1337<16><STEAM_1:1:8452576><>" kicked "Tank<72><BOT><>" (reason "")
L 12/05/2009 - 16:41:56: [funcommands.smx] "ShaRose<14><STEAM_1:1:14951151><>" toggled noclip on "ShaRose<14><STEAM_1:1:14951151><>"
L 12/05/2009 - 16:42:00: [funcommands.smx] "ShaRose<14><STEAM_1:1:14951151><>" toggled noclip on "ShaRose<14><STEAM_1:1:14951151><>"
L 12/05/2009 - 16:42:08: [funcommands.smx] "ShaRose<14><STEAM_1:1:14951151><>" toggled noclip on "ShaRose<14><STEAM_1:1:14951151><>"
L 12/05/2009 - 16:42:26: [funcommands.smx] "ShaRose<14><STEAM_1:1:14951151><>" toggled noclip on "ShaRose<14><STEAM_1:1:14951151><>"
L 12/05/2009 - 16:42:40: [funcommands.smx] "ShaRose<14><STEAM_1:1:14951151><>" toggled noclip on "ShaRose<14><STEAM_1:1:14951151><>"
L 12/05/2009 - 16:44:38: [funcommands.smx] "ShaRose<14><STEAM_1:1:14951151><>" toggled noclip on "ShaRose<14><STEAM_1:1:14951151><>"
L 12/05/2009 - 16:44:42: [funcommands.smx] "General1337<16><STEAM_1:1:8452576><>" toggled noclip on "General1337<16><STEAM_1:1:8452576><>"
L 12/05/2009 - 16:44:53: [funcommands.smx] "ShaRose<14><STEAM_1:1:14951151><>" toggled noclip on "ShaRose<14><STEAM_1:1:14951151><>"
L 12/05/2009 - 16:45:08: [funcommands.smx] "General1337<16><STEAM_1:1:8452576><>" toggled noclip on "General1337<16><STEAM_1:1:8452576><>"
L 12/05/2009 - 16:45:10: [funcommands.smx] "General1337<16><STEAM_1:1:8452576><>" toggled noclip on "General1337<16><STEAM_1:1:8452576><>"
L 12/05/2009 - 16:45:23: [funcommands.smx] "General1337<16><STEAM_1:1:8452576><>" toggled noclip on "General1337<16><STEAM_1:1:8452576><>"
L 12/05/2009 - 16:46:14: [funcommands.smx] "ShaRose<14><STEAM_1:1:14951151><>" toggled noclip on "ShaRose<14><STEAM_1:1:14951151><>"
L 12/05/2009 - 16:46:16: [funcommands.smx] "ShaRose<14><STEAM_1:1:14951151><>" toggled noclip on "ShaRose<14><STEAM_1:1:14951151><>"
L 12/05/2009 - 16:47:31: [funcommands.smx] "General1337<16><STEAM_1:1:8452576><>" toggled noclip on "General1337<16><STEAM_1:1:8452576><>"
L 12/05/2009 - 16:47:46: [funcommands.smx] "ShaRose<14><STEAM_1:1:14951151><>" toggled noclip on "ShaRose<14><STEAM_1:1:14951151><>"
L 12/05/2009 - 16:48:38: [funcommands.smx] "General1337<16><STEAM_1:1:8452576><>" toggled noclip on "General1337<16><STEAM_1:1:8452576><>"
L 12/05/2009 - 16:48:54: [funcommands.smx] "ShaRose<14><STEAM_1:1:14951151><>" toggled noclip on "ShaRose<14><STEAM_1:1:14951151><>"
L 12/05/2009 - 16:50:48: [funcommands.smx] "ShaRose<14><STEAM_1:1:14951151><>" toggled noclip on "ShaRose<14><STEAM_1:1:14951151><>"
L 12/05/2009 - 16:50:54: [funcommands.smx] "General1337<16><STEAM_1:1:8452576><>" toggled noclip on "General1337<16><STEAM_1:1:8452576><>"
L 12/05/2009 - 16:51:03: [funcommands.smx] "ShaRose<14><STEAM_1:1:14951151><>" toggled noclip on "ShaRose<14><STEAM_1:1:14951151><>"
L 12/05/2009 - 16:51:04: [funcommands.smx] "JSharpe<7><STEAM_1:0:18955299><>" toggled noclip on "JSharpe<7><STEAM_1:0:18955299><>"
L 12/05/2009 - 16:51:11: [funcommands.smx] "General1337<16><STEAM_1:1:8452576><>" toggled noclip on "General1337<16><STEAM_1:1:8452576><>"
L 12/05/2009 - 16:51:12: [funcommands.smx] "JSharpe<7><STEAM_1:0:18955299><>" toggled noclip on "JSharpe<7><STEAM_1:0:18955299><>"
L 12/05/2009 - 16:51:36: [funcommands.smx] "General1337<16><STEAM_1:1:8452576><>" toggled noclip on "General1337<16><STEAM_1:1:8452576><>"
L 12/05/2009 - 16:51:38: [funcommands.smx] "General1337<16><STEAM_1:1:8452576><>" toggled noclip on "General1337<16><STEAM_1:1:8452576><>"
L 12/05/2009 - 16:51:48: [funcommands.smx] "ShaRose<14><STEAM_1:1:14951151><>" toggled noclip on "ShaRose<14><STEAM_1:1:14951151><>"
L 12/05/2009 - 16:51:50: [funcommands.smx] "ShaRose<14><STEAM_1:1:14951151><>" toggled noclip on "ShaRose<14><STEAM_1:1:14951151><>"
L 12/05/2009 - 16:52:07: [funcommands.smx] "ShaRose<14><STEAM_1:1:14951151><>" toggled noclip on "ShaRose<14><STEAM_1:1:14951151><>"
L 12/05/2009 - 16:52:22: [funcommands.smx] "ShaRose<14><STEAM_1:1:14951151><>" toggled noclip on "ShaRose<14><STEAM_1:1:14951151><>"
L 12/05/2009 - 16:52:27: [funcommands.smx] "JSharpe<7><STEAM_1:0:18955299><>" toggled noclip on "JSharpe<7><STEAM_1:0:18955299><>"
L 12/05/2009 - 16:52:46: [funcommands.smx] "ShaRose<14><STEAM_1:1:14951151><>" toggled noclip on "ShaRose<14><STEAM_1:1:14951151><>"
L 12/05/2009 - 16:52:57: [funcommands.smx] "ShaRose<14><STEAM_1:1:14951151><>" toggled noclip on "ShaRose<14><STEAM_1:1:14951151><>"
L 12/05/2009 - 16:53:03: [funcommands.smx] "General1337<16><STEAM_1:1:8452576><>" toggled noclip on "General1337<16><STEAM_1:1:8452576><>"
L 12/05/2009 - 16:53:26: [funcommands.smx] "ShaRose<14><STEAM_1:1:14951151><>" toggled noclip on "ShaRose<14><STEAM_1:1:14951151><>"
L 12/05/2009 - 16:53:37: [funcommands.smx] "ShaRose<14><STEAM_1:1:14951151><>" toggled noclip on "ShaRose<14><STEAM_1:1:14951151><>"
L 12/05/2009 - 16:53:48: [funcommands.smx] "ShaRose<14><STEAM_1:1:14951151><>" toggled noclip on "ShaRose<14><STEAM_1:1:14951151><>"
L 12/05/2009 - 16:55:00: -------- Mapchange to c4m2_sugarmill_a --------
L 12/05/2009 - 16:55:51: [funcommands.smx] "ShaRose<14><STEAM_1:1:14951151><>" toggled noclip on "ShaRose<14><STEAM_1:1:14951151><>"
L 12/05/2009 - 16:56:01: [funcommands.smx] "ShaRose<14><STEAM_1:1:14951151><>" toggled noclip on "ShaRose<14><STEAM_1:1:14951151><>"
L 12/05/2009 - 16:56:18: [funcommands.smx] "ShaRose<14><STEAM_1:1:14951151><>" toggled noclip on "ShaRose<14><STEAM_1:1:14951151><>"
L 12/05/2009 - 16:56:19: [funcommands.smx] "ShaRose<14><STEAM_1:1:14951151><>" toggled noclip on "ShaRose<14><STEAM_1:1:14951151><>"
L 12/05/2009 - 16:56:20: [funcommands.smx] "ShaRose<14><STEAM_1:1:14951151><>" toggled noclip on "ShaRose<14><STEAM_1:1:14951151><>"
L 12/05/2009 - 16:56:23: [funcommands.smx] "ShaRose<14><STEAM_1:1:14951151><>" toggled noclip on "ShaRose<14><STEAM_1:1:14951151><>"
L 12/05/2009 - 16:56:35: [funcommands.smx] "General1337<16><STEAM_1:1:8452576><>" toggled noclip on "General1337<16><STEAM_1:1:8452576><>"
L 12/05/2009 - 16:56:39: [funcommands.smx] "ShaRose<14><STEAM_1:1:14951151><>" toggled noclip on "ShaRose<14><STEAM_1:1:14951151><>"
L 12/05/2009 - 16:56:45: [funcommands.smx] "ShaRose<14><STEAM_1:1:14951151><>" toggled noclip on "ShaRose<14><STEAM_1:1:14951151><>"
L 12/05/2009 - 16:57:03: [funcommands.smx] "JSharpe<7><STEAM_1:0:18955299><>" toggled noclip on "JSharpe<7><STEAM_1:0:18955299><>"
L 12/05/2009 - 16:57:18: [funcommands.smx] "ShaRose<14><STEAM_1:1:14951151><>" toggled noclip on "ShaRose<14><STEAM_1:1:14951151><>"
L 12/05/2009 - 16:57:20: [funcommands.smx] "ShaRose<14><STEAM_1:1:14951151><>" toggled noclip on "ShaRose<14><STEAM_1:1:14951151><>"
L 12/05/2009 - 16:57:23: [funcommands.smx] "ShaRose<14><STEAM_1:1:14951151><>" toggled noclip on "ShaRose<14><STEAM_1:1:14951151><>"
L 12/05/2009 - 16:57:24: [funcommands.smx] "ShaRose<14><STEAM_1:1:14951151><>" toggled noclip on "ShaRose<14><STEAM_1:1:14951151><>"
L 12/05/2009 - 16:57:25: [funcommands.smx] "ShaRose<14><STEAM_1:1:14951151><>" toggled noclip on "ShaRose<14><STEAM_1:1:14951151><>"
L 12/05/2009 - 16:57:26: [funcommands.smx] "ShaRose<14><STEAM_1:1:14951151><>" toggled noclip on "ShaRose<14><STEAM_1:1:14951151><>"
L 12/05/2009 - 16:57:27: [funcommands.smx] "ShaRose<14><STEAM_1:1:14951151><>" toggled noclip on "ShaRose<14><STEAM_1:1:14951151><>"
L 12/05/2009 - 16:57:36: [funcommands.smx] "JSharpe<7><STEAM_1:0:18955299><>" toggled noclip on "JSharpe<7><STEAM_1:0:18955299><>"
L 12/05/2009 - 16:58:10: [funcommands.smx] "ShaRose<14><STEAM_1:1:14951151><>" toggled noclip on "ShaRose<14><STEAM_1:1:14951151><>"
L 12/05/2009 - 16:58:11: [funcommands.smx] "ShaRose<14><STEAM_1:1:14951151><>" toggled noclip on "ShaRose<14><STEAM_1:1:14951151><>"
L 12/05/2009 - 16:58:12: [funcommands.smx] "ShaRose<14><STEAM_1:1:14951151><>" toggled noclip on "ShaRose<14><STEAM_1:1:14951151><>"
L 12/05/2009 - 16:59:04: [funcommands.smx] "JSharpe<7><STEAM_1:0:18955299><>" toggled noclip on "JSharpe<7><STEAM_1:0:18955299><>"
L 12/05/2009 - 16:59:04: [funcommands.smx] "ShaRose<14><STEAM_1:1:14951151><>" toggled noclip on "ShaRose<14><STEAM_1:1:14951151><>"
L 12/05/2009 - 16:59:16: [funcommands.smx] "ShaRose<14><STEAM_1:1:14951151><>" toggled noclip on "ShaRose<14><STEAM_1:1:14951151><>"
L 12/05/2009 - 16:59:36: [funcommands.smx] "ShaRose<14><STEAM_1:1:14951151><>" toggled noclip on "ShaRose<14><STEAM_1:1:14951151><>"
L 12/05/2009 - 16:59:43: [funcommands.smx] "ShaRose<14><STEAM_1:1:14951151><>" toggled noclip on "ShaRose<14><STEAM_1:1:14951151><>"
L 12/05/2009 - 17:00:13: [funcommands.smx] "JSharpe<7><STEAM_1:0:18955299><>" toggled noclip on "JSharpe<7><STEAM_1:0:18955299><>"
L 12/05/2009 - 17:00:15: [funcommands.smx] "ShaRose<14><STEAM_1:1:14951151><>" toggled noclip on "ShaRose<14><STEAM_1:1:14951151><>"
L 12/05/2009 - 17:00:18: [funcommands.smx] "JSharpe<7><STEAM_1:0:18955299><>" toggled noclip on "JSharpe<7><STEAM_1:0:18955299><>"
L 12/05/2009 - 17:00:39: [funcommands.smx] "ShaRose<14><STEAM_1:1:14951151><>" toggled noclip on "ShaRose<14><STEAM_1:1:14951151><>"
L 12/05/2009 - 17:01:47: [funcommands.smx] "ShaRose<14><STEAM_1:1:14951151><>" toggled noclip on "ShaRose<14><STEAM_1:1:14951151><>"
L 12/05/2009 - 17:01:48: [funcommands.smx] "ShaRose<14><STEAM_1:1:14951151><>" toggled noclip on "ShaRose<14><STEAM_1:1:14951151><>"
L 12/05/2009 - 17:01:49: [funcommands.smx] "JSharpe<7><STEAM_1:0:18955299><>" toggled noclip on "JSharpe<7><STEAM_1:0:18955299><>"
L 12/05/2009 - 17:02:45: [funcommands.smx] "ShaRose<14><STEAM_1:1:14951151><>" toggled noclip on "ShaRose<14><STEAM_1:1:14951151><>"
L 12/05/2009 - 17:03:34: [funcommands.smx] "ShaRose<14><STEAM_1:1:14951151><>" toggled noclip on "ShaRose<14><STEAM_1:1:14951151><>"
L 12/05/2009 - 17:03:35: [funcommands.smx] "ShaRose<14><STEAM_1:1:14951151><>" toggled noclip on "ShaRose<14><STEAM_1:1:14951151><>"
L 12/05/2009 - 17:03:37: [funcommands.smx] "JSharpe<7><STEAM_1:0:18955299><>" toggled noclip on "JSharpe<7><STEAM_1:0:18955299><>"
L 12/05/2009 - 17:03:51: [funcommands.smx] "ShaRose<14><STEAM_1:1:14951151><>" toggled noclip on "ShaRose<14><STEAM_1:1:14951151><>"
L 12/05/2009 - 17:04:01: [funcommands.smx] "ShaRose<14><STEAM_1:1:14951151><>" toggled noclip on "ShaRose<14><STEAM_1:1:14951151><>"
L 12/05/2009 - 17:04:04: [funcommands.smx] "JSharpe<7><STEAM_1:0:18955299><>" toggled noclip on "JSharpe<7><STEAM_1:0:18955299><>"
L 12/05/2009 - 17:04:37: [funcommands.smx] "ShaRose<14><STEAM_1:1:14951151><>" toggled noclip on "ShaRose<14><STEAM_1:1:14951151><>"
L 12/05/2009 - 17:04:39: [funcommands.smx] "JSharpe<7><STEAM_1:0:18955299><>" toggled noclip on "JSharpe<7><STEAM_1:0:18955299><>"
L 12/05/2009 - 17:04:42: [funcommands.smx] "JSharpe<7><STEAM_1:0:18955299><>" toggled noclip on "JSharpe<7><STEAM_1:0:18955299><>"
L 12/05/2009 - 17:04:59: [funcommands.smx] "JSharpe<7><STEAM_1:0:18955299><>" toggled noclip on "JSharpe<7><STEAM_1:0:18955299><>"
L 12/05/2009 - 17:05:02: [funcommands.smx] "JSharpe<7><STEAM_1:0:18955299><>" toggled noclip on "JSharpe<7><STEAM_1:0:18955299><>"
L 12/05/2009 - 17:05:14: [funcommands.smx] "JSharpe<7><STEAM_1:0:18955299><>" toggled noclip on "JSharpe<7><STEAM_1:0:18955299><>"
L 12/05/2009 - 17:05:22: [funcommands.smx] "General1337<120><STEAM_1:1:8452576><>" toggled noclip on "General1337<120><STEAM_1:1:8452576><>"
L 12/05/2009 - 17:05:28: [funcommands.smx] "General1337<120><STEAM_1:1:8452576><>" toggled noclip on "General1337<120><STEAM_1:1:8452576><>"
L 12/05/2009 - 17:05:39: [funcommands.smx] "ShaRose<14><STEAM_1:1:14951151><>" toggled noclip on "ShaRose<14><STEAM_1:1:14951151><>"
L 12/05/2009 - 17:05:40: [funcommands.smx] "General1337<120><STEAM_1:1:8452576><>" toggled noclip on "General1337<120><STEAM_1:1:8452576><>"
L 12/05/2009 - 17:05:41: [funcommands.smx] "General1337<120><STEAM_1:1:8452576><>" toggled noclip on "General1337<120><STEAM_1:1:8452576><>"
L 12/05/2009 - 17:05:59: [funcommands.smx] "ShaRose<14><STEAM_1:1:14951151><>" toggled noclip on "ShaRose<14><STEAM_1:1:14951151><>"
L 12/05/2009 - 17:06:40: [funcommands.smx] "ShaRose<14><STEAM_1:1:14951151><>" toggled noclip on "ShaRose<14><STEAM_1:1:14951151><>"
L 12/05/2009 - 17:07:00: [funcommands.smx] "ShaRose<14><STEAM_1:1:14951151><>" toggled noclip on "ShaRose<14><STEAM_1:1:14951151><>"
L 12/05/2009 - 17:07:01: [funcommands.smx] "ShaRose<14><STEAM_1:1:14951151><>" toggled noclip on "ShaRose<14><STEAM_1:1:14951151><>"
L 12/05/2009 - 17:07:02: [funcommands.smx] "ShaRose<14><STEAM_1:1:14951151><>" toggled noclip on "ShaRose<14><STEAM_1:1:14951151><>"
L 12/05/2009 - 17:07:05: [funcommands.smx] "JSharpe<7><STEAM_1:0:18955299><>" toggled noclip on "JSharpe<7><STEAM_1:0:18955299><>"
L 12/05/2009 - 17:08:19: [funcommands.smx] "ShaRose<14><STEAM_1:1:14951151><>" toggled noclip on "ShaRose<14><STEAM_1:1:14951151><>"
L 12/05/2009 - 17:08:46: [funcommands.smx] "ShaRose<14><STEAM_1:1:14951151><>" toggled noclip on "ShaRose<14><STEAM_1:1:14951151><>"
L 12/05/2009 - 17:09:12: [funcommands.smx] "JSharpe<7><STEAM_1:0:18955299><>" toggled noclip on "JSharpe<7><STEAM_1:0:18955299><>"
L 12/05/2009 - 17:09:29: [funcommands.smx] "ShaRose<14><STEAM_1:1:14951151><>" toggled noclip on "ShaRose<14><STEAM_1:1:14951151><>"
L 12/05/2009 - 17:09:32: [funcommands.smx] "ShaRose<14><STEAM_1:1:14951151><>" toggled noclip on "ShaRose<14><STEAM_1:1:14951151><>"
L 12/05/2009 - 17:10:38: [funcommands.smx] "ShaRose<14><STEAM_1:1:14951151><>" toggled noclip on "ShaRose<14><STEAM_1:1:14951151><>"
L 12/05/2009 - 17:10:40: [funcommands.smx] "ShaRose<14><STEAM_1:1:14951151><>" toggled noclip on "ShaRose<14><STEAM_1:1:14951151><>"
L 12/05/2009 - 17:10:42: [funcommands.smx] "JSharpe<7><STEAM_1:0:18955299><>" toggled noclip on "JSharpe<7><STEAM_1:0:18955299><>"
L 12/05/2009 - 17:11:28: [funcommands.smx] "General1337<120><STEAM_1:1:8452576><>" toggled noclip on "General1337<120><STEAM_1:1:8452576><>"
L 12/05/2009 - 17:12:13: [funcommands.smx] "ShaRose<14><STEAM_1:1:14951151><>" toggled noclip on "ShaRose<14><STEAM_1:1:14951151><>"
L 12/05/2009 - 17:12:23: [funcommands.smx] "ShaRose<14><STEAM_1:1:14951151><>" toggled noclip on "ShaRose<14><STEAM_1:1:14951151><>"
L 12/05/2009 - 17:12:42: [funcommands.smx] "ShaRose<14><STEAM_1:1:14951151><>" toggled noclip on "ShaRose<14><STEAM_1:1:14951151><>"
L 12/05/2009 - 17:12:43: [funcommands.smx] "ShaRose<14><STEAM_1:1:14951151><>" toggled noclip on "ShaRose<14><STEAM_1:1:14951151><>"
L 12/05/2009 - 17:13:12: [funcommands.smx] "ShaRose<14><STEAM_1:1:14951151><>" toggled noclip on "ShaRose<14><STEAM_1:1:14951151><>"
L 12/05/2009 - 17:13:31: [funcommands.smx] "General1337<120><STEAM_1:1:8452576><>" toggled noclip on "General1337<120><STEAM_1:1:8452576><>"
L 12/05/2009 - 17:13:40: [funcommands.smx] "ShaRose<14><STEAM_1:1:14951151><>" toggled noclip on "ShaRose<14><STEAM_1:1:14951151><>"
L 12/05/2009 - 17:13:47: [funcommands.smx] "ShaRose<14><STEAM_1:1:14951151><>" toggled noclip on "ShaRose<14><STEAM_1:1:14951151><>"
L 12/05/2009 - 17:13:49: [funcommands.smx] "ShaRose<14><STEAM_1:1:14951151><>" toggled noclip on "ShaRose<14><STEAM_1:1:14951151><>"
L 12/05/2009 - 17:14:00: [funcommands.smx] "General1337<120><STEAM_1:1:8452576><>" toggled noclip on "General1337<120><STEAM_1:1:8452576><>"
L 12/05/2009 - 17:16:25: [funcommands.smx] "General1337<120><STEAM_1:1:8452576><>" toggled noclip on "General1337<120><STEAM_1:1:8452576><>"
L 12/05/2009 - 17:16:51: [funcommands.smx] "General1337<120><STEAM_1:1:8452576><>" toggled noclip on "General1337<120><STEAM_1:1:8452576><>"
L 12/05/2009 - 17:16:52: [funcommands.smx] "General1337<120><STEAM_1:1:8452576><>" toggled noclip on "General1337<120><STEAM_1:1:8452576><>"
L 12/05/2009 - 17:17:04: [funcommands.smx] "General1337<120><STEAM_1:1:8452576><>" toggled noclip on "General1337<120><STEAM_1:1:8452576><>"
L 12/05/2009 - 17:21:14: [basecommands.smx] "ShaRose<14><STEAM_1:1:14951151><>" changed cvar (cvar "z_minigun_cooldown_time") (value "0.001")
L 12/05/2009 - 17:24:21: [funcommands.smx] "ShaRose<14><STEAM_1:1:14951151><>" toggled noclip on "ShaRose<14><STEAM_1:1:14951151><>"
L 12/05/2009 - 17:24:37: [funcommands.smx] "General1337<120><STEAM_1:1:8452576><>" toggled noclip on "General1337<120><STEAM_1:1:8452576><>"
L 12/05/2009 - 17:25:18: [funcommands.smx] "General1337<120><STEAM_1:1:8452576><>" toggled noclip on "General1337<120><STEAM_1:1:8452576><>"
L 12/05/2009 - 17:25:23: [funcommands.smx] "ShaRose<14><STEAM_1:1:14951151><>" toggled noclip on "ShaRose<14><STEAM_1:1:14951151><>"
L 12/05/2009 - 17:26:06: [funcommands.smx] "ShaRose<14><STEAM_1:1:14951151><>" toggled noclip on "ShaRose<14><STEAM_1:1:14951151><>"
L 12/05/2009 - 17:26:09: [funcommands.smx] "JSharpe<7><STEAM_1:0:18955299><>" toggled noclip on "JSharpe<7><STEAM_1:0:18955299><>"
L 12/05/2009 - 17:26:36: [funcommands.smx] "General1337<120><STEAM_1:1:8452576><>" toggled noclip on "General1337<120><STEAM_1:1:8452576><>"
L 12/05/2009 - 17:26:50: [funcommands.smx] "General1337<120><STEAM_1:1:8452576><>" toggled noclip on "General1337<120><STEAM_1:1:8452576><>"
L 12/05/2009 - 17:27:08: [funcommands.smx] "JSharpe<7><STEAM_1:0:18955299><>" toggled noclip on "JSharpe<7><STEAM_1:0:18955299><>"
L 12/05/2009 - 17:27:20: [funcommands.smx] "JSharpe<7><STEAM_1:0:18955299><>" toggled noclip on "Jockey<129><BOT><>"
L 12/05/2009 - 17:27:22: [funcommands.smx] "JSharpe<7><STEAM_1:0:18955299><>" toggled noclip on "JSharpe<7><STEAM_1:0:18955299><>"
L 12/05/2009 - 17:28:30: [funcommands.smx] "JSharpe<7><STEAM_1:0:18955299><>" toggled noclip on "JSharpe<7><STEAM_1:0:18955299><>"
L 12/05/2009 - 17:28:32: [funcommands.smx] "JSharpe<7><STEAM_1:0:18955299><>" toggled noclip on "JSharpe<7><STEAM_1:0:18955299><>"
L 12/05/2009 - 17:28:44: -------- Mapchange to c5m5_bridge --------
L 12/05/2009 - 17:29:21: [funcommands.smx] "JSharpe<7><STEAM_1:0:18955299><>" toggled noclip on "JSharpe<7><STEAM_1:0:18955299><>"
L 12/05/2009 - 17:29:23: [funcommands.smx] "JSharpe<7><STEAM_1:0:18955299><>" toggled noclip on "JSharpe<7><STEAM_1:0:18955299><>"
L 12/05/2009 - 17:29:39: [funcommands.smx] "JSharpe<7><STEAM_1:0:18955299><>" toggled noclip on "JSharpe<7><STEAM_1:0:18955299><>"
L 12/05/2009 - 17:29:39: [funcommands.smx] "JSharpe<7><STEAM_1:0:18955299><>" toggled noclip on "JSharpe<7><STEAM_1:0:18955299><>"
L 12/05/2009 - 17:30:46: [funcommands.smx] "ShaRose<14><STEAM_1:1:14951151><>" toggled noclip on "ShaRose<14><STEAM_1:1:14951151><>"
L 12/05/2009 - 17:30:53: [funcommands.smx] "ShaRose<14><STEAM_1:1:14951151><>" toggled noclip on "ShaRose<14><STEAM_1:1:14951151><>"
L 12/05/2009 - 17:30:57: [funcommands.smx] "JSharpe<7><STEAM_1:0:18955299><>" toggled noclip on "JSharpe<7><STEAM_1:0:18955299><>"
L 12/05/2009 - 17:30:57: [funcommands.smx] "JSharpe<7><STEAM_1:0:18955299><>" toggled noclip on "JSharpe<7><STEAM_1:0:18955299><>"
L 12/05/2009 - 17:33:48: [funcommands.smx] "ShaRose<14><STEAM_1:1:14951151><>" toggled noclip on "ShaRose<14><STEAM_1:1:14951151><>"
L 12/05/2009 - 17:33:54: [funcommands.smx] "ShaRose<14><STEAM_1:1:14951151><>" toggled noclip on "ShaRose<14><STEAM_1:1:14951151><>"
L 12/05/2009 - 17:34:00: [funcommands.smx] "JSharpe<7><STEAM_1:0:18955299><>" toggled noclip on "JSharpe<7><STEAM_1:0:18955299><>"
L 12/05/2009 - 17:34:03: [funcommands.smx] "JSharpe<7><STEAM_1:0:18955299><>" toggled noclip on "JSharpe<7><STEAM_1:0:18955299><>"
L 12/05/2009 - 17:34:07: [funcommands.smx] "ShaRose<14><STEAM_1:1:14951151><>" toggled noclip on "ShaRose<14><STEAM_1:1:14951151><>"
L 12/05/2009 - 17:34:10: [funcommands.smx] "ShaRose<14><STEAM_1:1:14951151><>" toggled noclip on "ShaRose<14><STEAM_1:1:14951151><>"
L 12/05/2009 - 17:34:19: [funcommands.smx] "JSharpe<7><STEAM_1:0:18955299><>" toggled noclip on "JSharpe<7><STEAM_1:0:18955299><>"
L 12/05/2009 - 17:34:21: [funcommands.smx] "JSharpe<7><STEAM_1:0:18955299><>" toggled noclip on "JSharpe<7><STEAM_1:0:18955299><>"
L 12/05/2009 - 17:34:41: [funcommands.smx] "General1337<120><STEAM_1:1:8452576><>" toggled noclip on "JSharpe<7><STEAM_1:0:18955299><>"
L 12/05/2009 - 17:34:46: [funcommands.smx] "JSharpe<7><STEAM_1:0:18955299><>" toggled noclip on "JSharpe<7><STEAM_1:0:18955299><>"
L 12/05/2009 - 17:35:39: [funcommands.smx] "ShaRose<14><STEAM_1:1:14951151><>" toggled noclip on "ShaRose<14><STEAM_1:1:14951151><>"
L 12/05/2009 - 17:35:44: [funcommands.smx] "ShaRose<14><STEAM_1:1:14951151><>" toggled noclip on "ShaRose<14><STEAM_1:1:14951151><>"
L 12/05/2009 - 17:36:20: [funcommands.smx] "ShaRose<14><STEAM_1:1:14951151><>" toggled noclip on "ShaRose<14><STEAM_1:1:14951151><>"
L 12/05/2009 - 17:36:22: [funcommands.smx] "ShaRose<14><STEAM_1:1:14951151><>" toggled noclip on "ShaRose<14><STEAM_1:1:14951151><>"
L 12/05/2009 - 17:36:36: [funcommands.smx] "JSharpe<7><STEAM_1:0:18955299><>" toggled noclip on "JSharpe<7><STEAM_1:0:18955299><>"
L 12/05/2009 - 17:38:17: [funcommands.smx] "JSharpe<7><STEAM_1:0:18955299><>" toggled noclip on "JSharpe<7><STEAM_1:0:18955299><>"
L 12/05/2009 - 17:38:23: [funcommands.smx] "JSharpe<7><STEAM_1:0:18955299><>" toggled noclip on "Nick<178><BOT><>"
L 12/05/2009 - 17:38:26: [funcommands.smx] "JSharpe<7><STEAM_1:0:18955299><>" toggled noclip on "JSharpe<7><STEAM_1:0:18955299><>"
L 12/05/2009 - 17:39:12: [funcommands.smx] "JSharpe<7><STEAM_1:0:18955299><>" toggled noclip on "JSharpe<7><STEAM_1:0:18955299><>"
L 12/05/2009 - 17:39:55: [funcommands.smx] "General1337<120><STEAM_1:1:8452576><>" toggled noclip on "General1337<120><STEAM_1:1:8452576><>"
L 12/05/2009 - 17:40:06: [funcommands.smx] "General1337<120><STEAM_1:1:8452576><>" toggled noclip on "General1337<120><STEAM_1:1:8452576><>"
L 12/05/2009 - 17:40:59: [funcommands.smx] "General1337<120><STEAM_1:1:8452576><>" toggled noclip on "General1337<120><STEAM_1:1:8452576><>"
L 12/05/2009 - 17:41:15: [funcommands.smx] "JSharpe<7><STEAM_1:0:18955299><>" toggled noclip on "JSharpe<7><STEAM_1:0:18955299><>"
L 12/05/2009 - 17:41:29: [funcommands.smx] "JSharpe<7><STEAM_1:0:18955299><>" toggled noclip on "JSharpe<7><STEAM_1:0:18955299><>"
L 12/05/2009 - 17:41:30: [funcommands.smx] "ShaRose<14><STEAM_1:1:14951151><>" toggled noclip on "ShaRose<14><STEAM_1:1:14951151><>"
L 12/05/2009 - 17:41:32: [funcommands.smx] "JSharpe<7><STEAM_1:0:18955299><>" toggled noclip on "JSharpe<7><STEAM_1:0:18955299><>"
L 12/05/2009 - 17:41:33: [funcommands.smx] "JSharpe<7><STEAM_1:0:18955299><>" toggled noclip on "JSharpe<7><STEAM_1:0:18955299><>"
L 12/05/2009 - 17:42:00: [funcommands.smx] "ShaRose<14><STEAM_1:1:14951151><>" toggled noclip on "ShaRose<14><STEAM_1:1:14951151><>"
L 12/05/2009 - 17:42:12: [funcommands.smx] "General1337<120><STEAM_1:1:8452576><>" toggled noclip on "General1337<120><STEAM_1:1:8452576><>"
L 12/05/2009 - 17:42:53: [basecommands.smx] "General1337<120><STEAM_1:1:8452576><>" kicked "Spitter<192><BOT><>" (reason "")
L 12/05/2009 - 17:42:56: [funcommands.smx] "ShaRose<14><STEAM_1:1:14951151><>" toggled noclip on "ShaRose<14><STEAM_1:1:14951151><>"
L 12/05/2009 - 17:43:49: [funcommands.smx] "ShaRose<14><STEAM_1:1:14951151><>" toggled noclip on "ShaRose<14><STEAM_1:1:14951151><>"
L 12/05/2009 - 17:44:59: [funcommands.smx] "ShaRose<14><STEAM_1:1:14951151><>" toggled noclip on "ShaRose<14><STEAM_1:1:14951151><>"
L 12/05/2009 - 17:45:04: [funcommands.smx] "ShaRose<14><STEAM_1:1:14951151><>" toggled noclip on "ShaRose<14><STEAM_1:1:14951151><>"
L 12/05/2009 - 17:45:06: [funcommands.smx] "ShaRose<14><STEAM_1:1:14951151><>" toggled noclip on "ShaRose<14><STEAM_1:1:14951151><>"
L 12/05/2009 - 17:45:11: [funcommands.smx] "ShaRose<14><STEAM_1:1:14951151><>" toggled noclip on "ShaRose<14><STEAM_1:1:14951151><>"
L 12/05/2009 - 17:45:51: SourceMod log file session started (file "L20091205.log") (Version "1.3.0-dev")
L 12/05/2009 - 17:45:51: Log file closed.
L 12/05/2009 - 21:26:07: SourceMod log file session started (file "L20091205.log") (Version "1.3.0-dev")
L 12/05/2009 - 21:26:07: -------- Mapchange to c1m4_atrium --------
L 12/05/2009 - 21:57:30: -------- Mapchange to c1m4_atrium --------
L 12/05/2009 - 21:58:59: [basecommands.smx] "General1337<7><STEAM_1:1:8452576><>" console command (cmdline "sm_plugins")
L 12/05/2009 - 22:03:33: Log file closed.
L 12/05/2009 - 22:06:24: SourceMod log file session started (file "L20091205.log") (Version "1.3.0-dev")
L 12/05/2009 - 22:06:24: -------- Mapchange to c1m4_atrium --------
L 12/05/2009 - 22:19:00: -------- Mapchange to c1m4_atrium --------
L 12/05/2009 - 22:48:12: -------- Mapchange to c1m4_atrium --------
L 12/05/2009 - 22:52:59: -------- Mapchange to c1m4_atrium --------
L 12/05/2009 - 23:04:12: -------- Mapchange to c1m4_atrium --------
L 12/05/2009 - 23:05:33: [funcommands.smx] "General1337<18><STEAM_1:1:8452576><>" toggled noclip on "General1337<18><STEAM_1:1:8452576><>"
L 12/05/2009 - 23:13:19: Log file closed.
